#
# There is insufficient memory for the Java Runtime Environment to continue.
# Native memory allocation (malloc) failed to allocate 32744 bytes for ChunkPool::allocate
# Possible reasons:
#   The system is out of physical RAM or swap space
#   The process is running with CompressedOops enabled, and the Java Heap may be blocking the growth of the native heap
# Possible solutions:
#   Reduce memory load on the system
#   Increase physical memory or swap space
#   Check if swap backing store is full
#   Decrease Java heap size (-Xmx/-Xms)
#   Decrease number of Java threads
#   Decrease Java thread stack sizes (-Xss)
#   Set larger code cache with -XX:ReservedCodeCacheSize=
#   JVM is running with Unscaled Compressed Oops mode in which the Java heap is
#     placed in the first 4GB address space. The Java Heap base address is the
#     maximum limit for the native heap growth. Please use -XX:HeapBaseMinAddress
#     to set the Java Heap base and to place the Java Heap above 4GB virtual address.
# This output file may be truncated or incomplete.
#
#  Out of Memory Error (allocation.cpp:273), pid=10692, tid=0x0000000000003474
#
# JRE version: Java(TM) SE Runtime Environment (8.0_201-b09) (build 1.8.0_201-b09)
# Java VM: Java HotSpot(TM) 64-Bit Server VM (25.201-b09 mixed mode windows-amd64 compressed oops)
# Failed to write core dump. Minidumps are not enabled by default on client versions of Windows
#

---------------  T H R E A D  ---------------

Current thread (0x0000000017d1e800):  JavaThread "C1 CompilerThread1" daemon [_thread_in_native, id=13428, stack(0x0000000018df0000,0x0000000018ef0000)]

Stack: [0x0000000018df0000,0x0000000018ef0000]
[error occurred during error reporting (printing stack bounds), id 0xc0000005]

Native frames: (J=compiled Java code, j=interpreted, Vv=VM code, C=native code)


Current CompileTask:
C1:   5663 3497       1       org.springframework.asm.ClassReader::readCode (5105 bytes)


---------------  P R O C E S S  ---------------

Java Threads: ( => current thread )
  0x000000001b61e800 JavaThread "cluster-rtt-ClusterId{value='6086b11bbbbe0a79d0b5b5e2', description='null'}-localhost:27017" daemon [_thread_blocked, id=14200, stack(0x000000001cd40000,0x000000001ce40000)]
  0x000000001b5c2800 JavaThread "cluster-ClusterId{value='6086b11bbbbe0a79d0b5b5e2', description='null'}-localhost:27017" daemon [_thread_blocked, id=8072, stack(0x000000001cc40000,0x000000001cd40000)]
  0x000000001b5ba000 JavaThread "container-0" [_thread_blocked, id=11016, stack(0x000000001cb40000,0x000000001cc40000)]
  0x000000001b5b9800 JavaThread "Catalina-utility-2" [_thread_blocked, id=14516, stack(0x000000001ca40000,0x000000001cb40000)]
  0x000000001b596000 JavaThread "Catalina-utility-1" [_thread_blocked, id=5448, stack(0x000000001ab70000,0x000000001ac70000)]
  0x0000000019b29000 JavaThread "RMI TCP Accept-0" daemon [_thread_in_native, id=13508, stack(0x000000001a230000,0x000000001a330000)]
  0x0000000019b1d000 JavaThread "RMI TCP Accept-54557" daemon [_thread_in_native, id=2852, stack(0x000000001a130000,0x000000001a230000)]
  0x0000000019b13800 JavaThread "RMI TCP Accept-0" daemon [_thread_in_native, id=7376, stack(0x000000001a030000,0x000000001a130000)]
  0x0000000017d24000 JavaThread "Service Thread" daemon [_thread_blocked, id=15196, stack(0x0000000018ef0000,0x0000000018ff0000)]
=>0x0000000017d1e800 JavaThread "C1 CompilerThread1" daemon [_thread_in_native, id=13428, stack(0x0000000018df0000,0x0000000018ef0000)]
  0x0000000017cc3800 JavaThread "C2 CompilerThread0" daemon [_thread_blocked, id=11736, stack(0x0000000018cf0000,0x0000000018df0000)]
  0x0000000017cc2800 JavaThread "Attach Listener" daemon [_thread_blocked, id=13108, stack(0x0000000018bf0000,0x0000000018cf0000)]
  0x0000000017cbf000 JavaThread "Signal Dispatcher" daemon [_thread_blocked, id=9572, stack(0x0000000018af0000,0x0000000018bf0000)]
  0x0000000017ca8800 JavaThread "Finalizer" daemon [_thread_blocked, id=14272, stack(0x00000000188f0000,0x00000000189f0000)]
  0x00000000032d4000 JavaThread "Reference Handler" daemon [_thread_blocked, id=13420, stack(0x00000000187f0000,0x00000000188f0000)]
  0x00000000031e6000 JavaThread "main" [_thread_in_Java, id=9044, stack(0x00000000030e0000,0x00000000031e0000)]

Other Threads:
  0x0000000017c86800 VMThread [stack: 0x00000000186f0000,0x00000000187f0000] [id=13564]
  0x0000000019b2e000 WatcherThread [stack: 0x000000001a330000,0x000000001a430000] [id=5316]

VM state:not at safepoint (normal execution)

VM Mutex/Monitor currently owned by a thread: None

heap address: 0x0000000080000000, size: 2048 MB, Compressed Oops mode: 32-bit
Narrow klass base: 0x0000000000000000, Narrow klass shift: 3
Compressed class space size: 1073741824 Address: 0x0000000100000000

Heap:
 PSYoungGen      total 230400K, used 32771K [0x00000000d5580000, 0x00000000e6280000, 0x0000000100000000)
  eden space 216576K, 15% used [0x00000000d5580000,0x00000000d7580c18,0x00000000e2900000)
  from space 13824K, 0% used [0x00000000e3600000,0x00000000e3600000,0x00000000e4380000)
  to   space 13312K, 0% used [0x00000000e2900000,0x00000000e2900000,0x00000000e3600000)
 ParOldGen       total 50688K, used 14646K [0x0000000080000000, 0x0000000083180000, 0x00000000d5580000)
  object space 50688K, 28% used [0x0000000080000000,0x0000000080e4d8b8,0x0000000083180000)
 Metaspace       used 35055K, capacity 37726K, committed 38016K, reserved 1081344K
  class space    used 4942K, capacity 5407K, committed 5504K, reserved 1048576K

Card table byte_map: [0x00000000126a0000,0x0000000012ab0000] byte_map_base: 0x00000000122a0000

Marking Bits: (ParMarkBitMap*) 0x00000000613f4ce0
 Begin Bits: [0x0000000012f60000, 0x0000000014f60000)
 End Bits:   [0x0000000014f60000, 0x0000000016f60000)

Polling page: 0x0000000001420000

CodeCache: size=245760Kb used=6887Kb max_used=6887Kb free=238872Kb
 bounds [0x00000000032e0000, 0x00000000039a0000, 0x00000000122e0000]
 total_blobs=3937 nmethods=3496 adapters=353
 compilation: enabled

Compilation events (10 events):
Event: 5.625 Thread 0x0000000017d1e800 nmethod 3492 0x0000000003998510 code [0x0000000003998660, 0x0000000003998770]
Event: 5.631 Thread 0x0000000017d1e800 3493       1       org.springframework.beans.PropertyEditorRegistrySupport::registerDefaultEditors (6 bytes)
Event: 5.631 Thread 0x0000000017d1e800 nmethod 3493 0x00000000039987d0 code [0x0000000003998920, 0x0000000003998a30]
Event: 5.633 Thread 0x0000000017d1e800 3494       1       org.springframework.core.MethodParameter::getParameterAnnotations (97 bytes)
Event: 5.634 Thread 0x0000000017d1e800 nmethod 3494 0x0000000003998a90 code [0x0000000003998c60, 0x00000000039990e8]
Event: 5.635 Thread 0x0000000017d1e800 3495       1       java.lang.reflect.Constructor::hashCode (11 bytes)
Event: 5.635 Thread 0x0000000017d1e800 nmethod 3495 0x0000000003999450 code [0x00000000039995c0, 0x0000000003999758]
Event: 5.636 Thread 0x0000000017d1e800 3496       1       org.springframework.core.LocalVariableTableParameterNameDiscoverer$LocalVariableTableVisitor::visitLocalVariable (45 bytes)
Event: 5.637 Thread 0x0000000017d1e800 nmethod 3496 0x0000000003999850 code [0x00000000039999c0, 0x0000000003999bb0]
Event: 5.641 Thread 0x0000000017d1e800 3497       1       org.springframework.asm.ClassReader::readCode (5105 bytes)

GC Heap History (10 events):
Event: 2.640 GC heap before
{Heap before GC invocations=6 (full 1):
 PSYoungGen      total 71680K, used 5099K [0x00000000d5580000, 0x00000000deb80000, 0x0000000100000000)
  eden space 66560K, 0% used [0x00000000d5580000,0x00000000d5580000,0x00000000d9680000)
  from space 5120K, 99% used [0x00000000d9680000,0x00000000d9b7ac78,0x00000000d9b80000)
  to   space 10240K, 0% used [0x00000000de180000,0x00000000de180000,0x00000000deb80000)
 ParOldGen       total 87552K, used 10427K [0x0000000080000000, 0x0000000085580000, 0x00000000d5580000)
  object space 87552K, 11% used [0x0000000080000000,0x0000000080a2ed48,0x0000000085580000)
 Metaspace       used 20430K, capacity 21248K, committed 21296K, reserved 1067008K
  class space    used 2738K, capacity 2942K, committed 2944K, reserved 1048576K
Event: 2.696 GC heap after
Heap after GC invocations=6 (full 1):
 PSYoungGen      total 71680K, used 0K [0x00000000d5580000, 0x00000000deb80000, 0x0000000100000000)
  eden space 66560K, 0% used [0x00000000d5580000,0x00000000d5580000,0x00000000d9680000)
  from space 5120K, 0% used [0x00000000d9680000,0x00000000d9680000,0x00000000d9b80000)
  to   space 10240K, 0% used [0x00000000de180000,0x00000000de180000,0x00000000deb80000)
 ParOldGen       total 50688K, used 6807K [0x0000000080000000, 0x0000000083180000, 0x00000000d5580000)
  object space 50688K, 13% used [0x0000000080000000,0x00000000806a5eb0,0x0000000083180000)
 Metaspace       used 20430K, capacity 21248K, committed 21296K, reserved 1067008K
  class space    used 2738K, capacity 2942K, committed 2944K, reserved 1048576K
}
Event: 3.638 GC heap before
{Heap before GC invocations=7 (full 1):
 PSYoungGen      total 71680K, used 66560K [0x00000000d5580000, 0x00000000deb80000, 0x0000000100000000)
  eden space 66560K, 100% used [0x00000000d5580000,0x00000000d9680000,0x00000000d9680000)
  from space 5120K, 0% used [0x00000000d9680000,0x00000000d9680000,0x00000000d9b80000)
  to   space 10240K, 0% used [0x00000000de180000,0x00000000de180000,0x00000000deb80000)
 ParOldGen       total 50688K, used 6809K [0x0000000080000000, 0x0000000083180000, 0x00000000d5580000)
  object space 50688K, 13% used [0x0000000080000000,0x00000000806a6770,0x0000000083180000)
 Metaspace       used 24674K, capacity 25982K, committed 26240K, reserved 1071104K
  class space    used 3379K, capacity 3677K, committed 3712K, reserved 1048576K
Event: 3.654 GC heap after
Heap after GC invocations=7 (full 1):
 PSYoungGen      total 130048K, used 8674K [0x00000000d5580000, 0x00000000dea00000, 0x0000000100000000)
  eden space 121344K, 0% used [0x00000000d5580000,0x00000000d5580000,0x00000000dcc00000)
  from space 8704K, 99% used [0x00000000de180000,0x00000000de9f8808,0x00000000dea00000)
  to   space 10752K, 0% used [0x00000000dd500000,0x00000000dd500000,0x00000000ddf80000)
 ParOldGen       total 50688K, used 6817K [0x0000000080000000, 0x0000000083180000, 0x00000000d5580000)
  object space 50688K, 13% used [0x0000000080000000,0x00000000806a8770,0x0000000083180000)
 Metaspace       used 24674K, capacity 25982K, committed 26240K, reserved 1071104K
  class space    used 3379K, capacity 3677K, committed 3712K, reserved 1048576K
}
Event: 5.113 GC heap before
{Heap before GC invocations=8 (full 1):
 PSYoungGen      total 130048K, used 130018K [0x00000000d5580000, 0x00000000dea00000, 0x0000000100000000)
  eden space 121344K, 100% used [0x00000000d5580000,0x00000000dcc00000,0x00000000dcc00000)
  from space 8704K, 99% used [0x00000000de180000,0x00000000de9f8808,0x00000000dea00000)
  to   space 10752K, 0% used [0x00000000dd500000,0x00000000dd500000,0x00000000ddf80000)
 ParOldGen       total 50688K, used 6817K [0x0000000080000000, 0x0000000083180000, 0x00000000d5580000)
  object space 50688K, 13% used [0x0000000080000000,0x00000000806a8770,0x0000000083180000)
 Metaspace       used 33029K, capacity 35346K, committed 35496K, reserved 1079296K
  class space    used 4620K, capacity 5009K, committed 5120K, reserved 1048576K
Event: 5.137 GC heap after
Heap after GC invocations=8 (full 1):
 PSYoungGen      total 141312K, used 10723K [0x00000000d5580000, 0x00000000e4380000, 0x0000000100000000)
  eden space 130560K, 0% used [0x00000000d5580000,0x00000000d5580000,0x00000000dd500000)
  from space 10752K, 99% used [0x00000000dd500000,0x00000000ddf78f68,0x00000000ddf80000)
  to   space 13824K, 0% used [0x00000000e3600000,0x00000000e3600000,0x00000000e4380000)
 ParOldGen       total 50688K, used 10770K [0x0000000080000000, 0x0000000083180000, 0x00000000d5580000)
  object space 50688K, 21% used [0x0000000080000000,0x0000000080a84bb0,0x0000000083180000)
 Metaspace       used 33029K, capacity 35346K, committed 35496K, reserved 1079296K
  class space    used 4620K, capacity 5009K, committed 5120K, reserved 1048576K
}
Event: 5.149 GC heap before
{Heap before GC invocations=9 (full 1):
 PSYoungGen      total 141312K, used 15785K [0x00000000d5580000, 0x00000000e4380000, 0x0000000100000000)
  eden space 130560K, 3% used [0x00000000d5580000,0x00000000d5a716d0,0x00000000dd500000)
  from space 10752K, 99% used [0x00000000dd500000,0x00000000ddf78f68,0x00000000ddf80000)
  to   space 13824K, 0% used [0x00000000e3600000,0x00000000e3600000,0x00000000e4380000)
 ParOldGen       total 50688K, used 10770K [0x0000000080000000, 0x0000000083180000, 0x00000000d5580000)
  object space 50688K, 21% used [0x0000000080000000,0x0000000080a84bb0,0x0000000083180000)
 Metaspace       used 33092K, capacity 35424K, committed 35496K, reserved 1079296K
  class space    used 4632K, capacity 5050K, committed 5120K, reserved 1048576K
Event: 5.165 GC heap after
Heap after GC invocations=9 (full 1):
 PSYoungGen      total 230400K, used 8318K [0x00000000d5580000, 0x00000000e6280000, 0x0000000100000000)
  eden space 216576K, 0% used [0x00000000d5580000,0x00000000d5580000,0x00000000e2900000)
  from space 13824K, 60% used [0x00000000e3600000,0x00000000e3e1f8b8,0x00000000e4380000)
  to   space 13312K, 0% used [0x00000000e2900000,0x00000000e2900000,0x00000000e3600000)
 ParOldGen       total 50688K, used 10778K [0x0000000080000000, 0x0000000083180000, 0x00000000d5580000)
  object space 50688K, 21% used [0x0000000080000000,0x0000000080a86bb0,0x0000000083180000)
 Metaspace       used 33092K, capacity 35424K, committed 35496K, reserved 1079296K
  class space    used 4632K, capacity 5050K, committed 5120K, reserved 1048576K
}
Event: 5.165 GC heap before
{Heap before GC invocations=10 (full 2):
 PSYoungGen      total 230400K, used 8318K [0x00000000d5580000, 0x00000000e6280000, 0x0000000100000000)
  eden space 216576K, 0% used [0x00000000d5580000,0x00000000d5580000,0x00000000e2900000)
  from space 13824K, 60% used [0x00000000e3600000,0x00000000e3e1f8b8,0x00000000e4380000)
  to   space 13312K, 0% used [0x00000000e2900000,0x00000000e2900000,0x00000000e3600000)
 ParOldGen       total 50688K, used 10778K [0x0000000080000000, 0x0000000083180000, 0x00000000d5580000)
  object space 50688K, 21% used [0x0000000080000000,0x0000000080a86bb0,0x0000000083180000)
 Metaspace       used 33092K, capacity 35424K, committed 35496K, reserved 1079296K
  class space    used 4632K, capacity 5050K, committed 5120K, reserved 1048576K
Event: 5.260 GC heap after
Heap after GC invocations=10 (full 2):
 PSYoungGen      total 230400K, used 0K [0x00000000d5580000, 0x00000000e6280000, 0x0000000100000000)
  eden space 216576K, 0% used [0x00000000d5580000,0x00000000d5580000,0x00000000e2900000)
  from space 13824K, 0% used [0x00000000e3600000,0x00000000e3600000,0x00000000e4380000)
  to   space 13312K, 0% used [0x00000000e2900000,0x00000000e2900000,0x00000000e3600000)
 ParOldGen       total 50688K, used 14646K [0x0000000080000000, 0x0000000083180000, 0x00000000d5580000)
  object space 50688K, 28% used [0x0000000080000000,0x0000000080e4d8b8,0x0000000083180000)
 Metaspace       used 33091K, capacity 35422K, committed 35496K, reserved 1079296K
  class space    used 4631K, capacity 5049K, committed 5120K, reserved 1048576K
}

Deoptimization events (0 events):
No events

Classes redefined (0 events):
No events

Internal exceptions (10 events):
Event: 5.539 Thread 0x00000000031e6000 Exception <a 'java/lang/ClassNotFoundException': org/springframework/context/ApplicationContextAwareCustomizer> (0x00000000d6c37118) thrown at [C:\re\workspace\8-2-build-windows-amd64-cygwin\jdk8u201\12322\hotspot\src\share\vm\classfile\systemDictionary.c
Event: 5.540 Thread 0x00000000031e6000 Exception <a 'java/lang/ClassNotFoundException': org/springframework/beans/factory/AwareCustomizer> (0x00000000d6c4f1b0) thrown at [C:\re\workspace\8-2-build-windows-amd64-cygwin\jdk8u201\12322\hotspot\src\share\vm\classfile\systemDictionary.cpp, line 210
Event: 5.541 Thread 0x00000000031e6000 Exception <a 'java/lang/ClassNotFoundException': org/springframework/context/ApplicationListenerCustomizer> (0x00000000d6c68250) thrown at [C:\re\workspace\8-2-build-windows-amd64-cygwin\jdk8u201\12322\hotspot\src\share\vm\classfile\systemDictionary.cpp, 
Event: 5.541 Thread 0x00000000031e6000 Exception <a 'java/lang/ArrayIndexOutOfBoundsException'> (0x00000000d6c6a678) thrown at [C:\re\workspace\8-2-build-windows-amd64-cygwin\jdk8u201\12322\hotspot\src\share\vm\runtime\sharedRuntime.cpp, line 605]
Event: 5.541 Thread 0x00000000031e6000 Exception <a 'java/lang/ArrayIndexOutOfBoundsException'> (0x00000000d6c6b9f8) thrown at [C:\re\workspace\8-2-build-windows-amd64-cygwin\jdk8u201\12322\hotspot\src\share\vm\runtime\sharedRuntime.cpp, line 605]
Event: 5.541 Thread 0x00000000031e6000 Exception <a 'java/lang/ArrayIndexOutOfBoundsException'> (0x00000000d6c6db88) thrown at [C:\re\workspace\8-2-build-windows-amd64-cygwin\jdk8u201\12322\hotspot\src\share\vm\runtime\sharedRuntime.cpp, line 605]
Event: 5.541 Thread 0x00000000031e6000 Exception <a 'java/lang/ArrayIndexOutOfBoundsException'> (0x00000000d6c6f7d8) thrown at [C:\re\workspace\8-2-build-windows-amd64-cygwin\jdk8u201\12322\hotspot\src\share\vm\runtime\sharedRuntime.cpp, line 605]
Event: 5.541 Thread 0x00000000031e6000 Exception <a 'java/lang/ClassNotFoundException': java/util/EventListenerCustomizer> (0x00000000d6c79760) thrown at [C:\re\workspace\8-2-build-windows-amd64-cygwin\jdk8u201\12322\hotspot\src\share\vm\classfile\systemDictionary.cpp, line 210]
Event: 5.542 Thread 0x00000000031e6000 Exception <a 'java/lang/ClassNotFoundException': org/springframework/beans/factory/InitializingBeanCustomizer> (0x00000000d6c938e0) thrown at [C:\re\workspace\8-2-build-windows-amd64-cygwin\jdk8u201\12322\hotspot\src\share\vm\classfile\systemDictionary.cp
Event: 5.641 Thread 0x00000000031e6000 Exception <a 'java/lang/ArrayIndexOutOfBoundsException'> (0x00000000d7475e40) thrown at [C:\re\workspace\8-2-build-windows-amd64-cygwin\jdk8u201\12322\hotspot\src\share\vm\runtime\sharedRuntime.cpp, line 605]

Events (10 events):
Event: 5.628 loading class com/fasterxml/jackson/databind/introspect/AnnotatedMember
Event: 5.628 loading class com/fasterxml/jackson/databind/introspect/AnnotatedMember done
Event: 5.631 loading class com/google/common/collect/ImmutableList
Event: 5.631 loading class com/google/common/collect/ImmutableList done
Event: 5.632 loading class com/google/common/collect/ImmutableCollection
Event: 5.632 loading class com/google/common/collect/ImmutableCollection done
Event: 5.636 loading class com/fasterxml/classmate/MemberResolver
Event: 5.637 loading class com/fasterxml/classmate/MemberResolver done
Event: 5.639 loading class springfox/documentation/spi/schema/contexts/ModelPropertyContext
Event: 5.639 loading class springfox/documentation/spi/schema/contexts/ModelPropertyContext done


Dynamic libraries:
0x00007ff6d3ec0000 - 0x00007ff6d3ef7000 	C:\Program Files\Java\jre1.8.0_201\bin\javaw.exe
0x00007ff9e12c0000 - 0x00007ff9e14b0000 	C:\Windows\SYSTEM32\ntdll.dll
0x00007ff9dfba0000 - 0x00007ff9dfc52000 	C:\Windows\System32\KERNEL32.DLL
0x00007ff9de480000 - 0x00007ff9de725000 	C:\Windows\System32\KERNELBASE.dll
0x00007ff9df370000 - 0x00007ff9df413000 	C:\Windows\System32\ADVAPI32.dll
0x00007ff9dfe70000 - 0x00007ff9dff0e000 	C:\Windows\System32\msvcrt.dll
0x00007ff9dff80000 - 0x00007ff9e0017000 	C:\Windows\System32\sechost.dll
0x00007ff9e0480000 - 0x00007ff9e059f000 	C:\Windows\System32\RPCRT4.dll
0x00007ff9e0c50000 - 0x00007ff9e0de4000 	C:\Windows\System32\USER32.dll
0x00007ff9de450000 - 0x00007ff9de471000 	C:\Windows\System32\win32u.dll
0x00007ff9e0240000 - 0x00007ff9e0266000 	C:\Windows\System32\GDI32.dll
0x00007ff9de2b0000 - 0x00007ff9de448000 	C:\Windows\System32\gdi32full.dll
0x00007ff9deaa0000 - 0x00007ff9deb3e000 	C:\Windows\System32\msvcp_win.dll
0x00007ff9de790000 - 0x00007ff9de88a000 	C:\Windows\System32\ucrtbase.dll
0x00007ff9c8c20000 - 0x00007ff9c8ea4000 	C:\Windows\WinSxS\amd64_microsoft.windows.common-controls_6595b64144ccf1df_6.0.18362.1500_none_9e79be6de462295c\COMCTL32.dll
0x00007ff9e05a0000 - 0x00007ff9e08d6000 	C:\Windows\System32\combase.dll
0x00007ff9deb40000 - 0x00007ff9debc1000 	C:\Windows\System32\bcryptPrimitives.dll
0x00007ff9e0bb0000 - 0x00007ff9e0bde000 	C:\Windows\System32\IMM32.DLL
0x0000000060940000 - 0x0000000060a11000 	C:\Program Files\Java\jre1.8.0_201\bin\msvcr100.dll
0x0000000060bd0000 - 0x0000000061474000 	C:\Program Files\Java\jre1.8.0_201\bin\server\jvm.dll
0x00007ff9df420000 - 0x00007ff9df428000 	C:\Windows\System32\PSAPI.DLL
0x00007ff9d24a0000 - 0x00007ff9d24a9000 	C:\Windows\SYSTEM32\WSOCK32.dll
0x00007ff9e0be0000 - 0x00007ff9e0c4f000 	C:\Windows\System32\WS2_32.dll
0x00007ff9d4d00000 - 0x00007ff9d4d24000 	C:\Windows\SYSTEM32\WINMM.dll
0x00007ff9d7ae0000 - 0x00007ff9d7aea000 	C:\Windows\SYSTEM32\VERSION.dll
0x00007ff9d4c00000 - 0x00007ff9d4c2d000 	C:\Windows\SYSTEM32\WINMMBASE.dll
0x00007ff9de230000 - 0x00007ff9de27a000 	C:\Windows\System32\cfgmgr32.dll
0x00007ff9ce280000 - 0x00007ff9ce28f000 	C:\Program Files\Java\jre1.8.0_201\bin\verify.dll
0x00007ff9bbd30000 - 0x00007ff9bbd59000 	C:\Program Files\Java\jre1.8.0_201\bin\java.dll
0x00007ff9c0ea0000 - 0x00007ff9c0eb6000 	C:\Program Files\Java\jre1.8.0_201\bin\zip.dll
0x00007ff9df430000 - 0x00007ff9dfb18000 	C:\Windows\System32\SHELL32.dll
0x00007ff9e0950000 - 0x00007ff9e09f7000 	C:\Windows\System32\shcore.dll
0x00007ff9debf0000 - 0x00007ff9df36b000 	C:\Windows\System32\windows.storage.dll
0x00007ff9de210000 - 0x00007ff9de22e000 	C:\Windows\System32\profapi.dll
0x00007ff9de1c0000 - 0x00007ff9de20a000 	C:\Windows\System32\powrprof.dll
0x00007ff9de170000 - 0x00007ff9de180000 	C:\Windows\System32\UMPDC.dll
0x00007ff9dff20000 - 0x00007ff9dff72000 	C:\Windows\System32\shlwapi.dll
0x00007ff9de1a0000 - 0x00007ff9de1b1000 	C:\Windows\System32\kernel.appcore.dll
0x00007ff9debd0000 - 0x00007ff9debe7000 	C:\Windows\System32\cryptsp.dll
0x00007ff9d8c70000 - 0x00007ff9d8c7d000 	C:\Program Files\Java\jre1.8.0_201\bin\management.dll
0x00007ff9bc940000 - 0x00007ff9bc95a000 	C:\Program Files\Java\jre1.8.0_201\bin\net.dll
0x00007ff9d0240000 - 0x00007ff9d0417000 	C:\Windows\SYSTEM32\urlmon.dll
0x00007ff9cff90000 - 0x00007ff9d0237000 	C:\Windows\SYSTEM32\iertutil.dll
0x00007ff9dda80000 - 0x00007ff9dda8c000 	C:\Windows\SYSTEM32\CRYPTBASE.DLL
0x00007ff9dd900000 - 0x00007ff9dd967000 	C:\Windows\system32\mswsock.dll
0x00007ff9bbd10000 - 0x00007ff9bbd21000 	C:\Program Files\Java\jre1.8.0_201\bin\nio.dll
0x00007ff9d2320000 - 0x00007ff9d2336000 	C:\Windows\system32\napinsp.dll
0x00007ff9d21d0000 - 0x00007ff9d21ea000 	C:\Windows\system32\pnrpnsp.dll
0x00007ff9dd660000 - 0x00007ff9dd72b000 	C:\Windows\SYSTEM32\DNSAPI.dll
0x00007ff9dff10000 - 0x00007ff9dff18000 	C:\Windows\System32\NSI.dll
0x00007ff9dd620000 - 0x00007ff9dd65a000 	C:\Windows\SYSTEM32\IPHLPAPI.DLL
0x00007ff9d2150000 - 0x00007ff9d215e000 	C:\Windows\System32\winrnr.dll
0x00007ff9d9d90000 - 0x00007ff9d9dac000 	C:\Windows\system32\NLAapi.dll
0x00007ff9d2130000 - 0x00007ff9d2145000 	C:\Windows\system32\wshbth.dll
0x00007ff9d7e90000 - 0x00007ff9d7e9a000 	C:\Windows\System32\rasadhlp.dll
0x00007ff9d9070000 - 0x00007ff9d90e7000 	C:\Windows\System32\fwpuclnt.dll
0x00007ff9de280000 - 0x00007ff9de2a6000 	C:\Windows\System32\bcrypt.dll
0x00007ff9dd490000 - 0x00007ff9dd4c3000 	C:\Windows\system32\rsaenh.dll
0x00007ff9de090000 - 0x00007ff9de0b5000 	C:\Windows\SYSTEM32\USERENV.dll
0x00007ff9d9830000 - 0x00007ff9d9846000 	C:\Windows\SYSTEM32\dhcpcsvc6.DLL
0x00007ff9d9810000 - 0x00007ff9d982c000 	C:\Windows\SYSTEM32\dhcpcsvc.DLL

VM Arguments:
jvm_args: -Dcom.sun.management.jmxremote -Dcom.sun.management.jmxremote.port=54557 -Dcom.sun.management.jmxremote.authenticate=false -Dcom.sun.management.jmxremote.ssl=false -Djava.rmi.server.hostname=localhost -Dspring.jmx.enabled=true -Dspring.liveBeansView.mbeanDomain -Dspring.application.admin.enabled=true -Xverify:none -XX:TieredStopAtLevel=1 -Dfile.encoding=UTF-8 
java_command: com.tweetapp.TweetAppApplication --spring.output.ansi.enabled=always
java_class_path (initial): C:\Users\User\Downloads\TweetApp\TweetApp\target\classes;C:\Users\User\.m2\repository\org\springframework\boot\spring-boot-starter-data-mongodb\2.4.2\spring-boot-starter-data-mongodb-2.4.2.jar;C:\Users\User\.m2\repository\org\springframework\boot\spring-boot-starter\2.4.2\spring-boot-starter-2.4.2.jar;C:\Users\User\.m2\repository\org\springframework\boot\spring-boot\2.4.2\spring-boot-2.4.2.jar;C:\Users\User\.m2\repository\org\springframework\boot\spring-boot-autoconfigure\2.4.2\spring-boot-autoconfigure-2.4.2.jar;C:\Users\User\.m2\repository\org\springframework\boot\spring-boot-starter-logging\2.4.2\spring-boot-starter-logging-2.4.2.jar;C:\Users\User\.m2\repository\ch\qos\logback\logback-classic\1.2.3\logback-classic-1.2.3.jar;C:\Users\User\.m2\repository\ch\qos\logback\logback-core\1.2.3\logback-core-1.2.3.jar;C:\Users\User\.m2\repository\org\apache\logging\log4j\log4j-to-slf4j\2.13.3\log4j-to-slf4j-2.13.3.jar;C:\Users\User\.m2\repository\org\apache\logging\log4j\log4j-api\2.13.3\log4j-api-2.13.3.jar;C:\Users\User\.m2\repository\org\slf4j\jul-to-slf4j\1.7.30\jul-to-slf4j-1.7.30.jar;C:\Users\User\.m2\repository\jakarta\annotation\jakarta.annotation-api\1.3.5\jakarta.annotation-api-1.3.5.jar;C:\Users\User\.m2\repository\org\yaml\snakeyaml\1.27\snakeyaml-1.27.jar;C:\Users\User\.m2\repository\org\mongodb\mongodb-driver-sync\4.1.1\mongodb-driver-sync-4.1.1.jar;C:\Users\User\.m2\repository\org\mongodb\bson\4.1.1\bson-4.1.1.jar;C:\Users\User\.m2\repository\org\mongodb\mongodb-driver-core\4.1.1\mongodb-driver-core-4.1.1.jar;C:\Users\User\.m2\repository\org\springframework\data\spring-data-mongodb\3.1.3\spring-data-mongodb-3.1.3.jar;C:\Users\User\.m2\repository\org\springframework\spring-beans\5.3.3\spring-beans-5.3.3.jar;C:\Users\User\.m2\repository\org\springframework\spring-expression\5.3.3\spring-expression-5.3.3.jar;C:\Users\User\.m2\repository\org\springframework\data\spring-data-commons\2.4.3\spring-data-commons-2.4.3.jar;C:\Users\User\.m
Launcher Type: SUN_STANDARD

Environment Variables:
PATH=C:/Program Files/Java/jre1.8.0_201/bin/server;C:/Program Files/Java/jre1.8.0_201/bin;C:/Program Files/Java/jre1.8.0_201/lib/amd64;C:\Program Files\Python39\Scripts\;C:\Program Files\Python39\;C:\Program Files (x86)\Common Files\Oracle\Java\javapath;C:\Windows\system32;C:\Windows;C:\Windows\System32\Wbem;C:\Windows\System32\WindowsPowerShell\v1.0\;C:\Windows\System32\OpenSSH\;C:\Program Files\Java\jdk-9.0.4\bin;C:\Program Files\nodejs\;C:\Program Files\Docker\Docker\resources\bin;C:\ProgramData\DockerDesktop\version-bin;C:\Softwares\Template\spark-3.0.0-preview2-bin-hadoop2.7\bin;C:\Softwares\Template\apache-jmeter-5.3\apache-jmeter-5.3\bin;C:\Program Files (x86)\scala\bin;C:\Program Files\Java\jdk1.8.0_201\bin;C:\Program Files\Git\cmd;C:\Program Files\Amazon\AWSCLIV2\;C:\Users\User\AppData\Local\Programs\Python\Python38-32\Scripts\;C:\Users\User\AppData\Local\Programs\Python\Python38-32\;C:\Program Files\MySQL\MySQL Shell 8.0\bin\;C:\Users\User\AppData\Roaming\npm;C:\Users\User\AppData\Local\Programs\Microsoft VS Code\bin;C:\Softwares\Java Setup\spring-tool-suite-3.9.9.RELEASE-e4.12.0-win32-x86_64\sts-bundle\sts-3.9.9.RELEASE;
USERNAME=User
OS=Windows_NT
PROCESSOR_IDENTIFIER=Intel64 Family 6 Model 79 Stepping 1, GenuineIntel



---------------  S Y S T E M  ---------------

OS: Windows 10.0 , 64 bit Build 18362 (10.0.18362.1500)

CPU:total 2 (initial active 2) (1 cores per cpu, 1 threads per core) family 6 model 79 stepping 1, cmov, cx8, fxsr, mmx, sse, sse2, sse3, ssse3, sse4.1, sse4.2, popcnt, avx, avx2, aes, clmul, erms, rtm, 3dnowpref, lzcnt, tsc, tscinvbit, bmi1, bmi2, adx

Memory: 4k page, physical 8387532k(462152k free), swap 17479752k(4108k free)

vm_info: Java HotSpot(TM) 64-Bit Server VM (25.201-b09) for windows-amd64 JRE (1.8.0_201-b09), built on Dec 15 2018 18:36:39 by "java_re" with MS VC++ 10.0 (VS2010)

time: Mon Apr 26 17:55:00 2021
timezone: India Standard Time
elapsed time: 5 seconds (0d 0h 0m 5s)

